{
  "RSpec": {
    "coverage": {
      "/Users/nickjones/Turing/1Module/projects/enigma/spec/enigma_spec.rb": {
        "lines": [
          1,
          1,
          null,
          1,
          null,
          1,
          1,
          1,
          null,
          null,
          1,
          0,
          0,
          null,
          null,
          null,
          null,
          null
        ]
      },
      "/Users/nickjones/Turing/1Module/projects/enigma/lib/enigma.rb": {
        "lines": [
          1,
          null
        ]
      },
      "/Users/nickjones/Turing/1Module/projects/enigma/spec/encryption_generators_spec.rb": {
        "lines": [
          1,
          1,
          null,
          1,
          1,
          1,
          1,
          null,
          1,
          1,
          1,
          null,
          1,
          1,
          1,
          null,
          1,
          1,
          1,
          null,
          null
        ]
      },
      "/Users/nickjones/Turing/1Module/projects/enigma/lib/encryption_generators.rb": {
        "lines": [
          1,
          1,
          null,
          1,
          2,
          2,
          2,
          2,
          2,
          2,
          2,
          null,
          null,
          1,
          2,
          2,
          2,
          2,
          2,
          2,
          2,
          2,
          2,
          null,
          null,
          1,
          1,
          1,
          1,
          1,
          5,
          1,
          null,
          null
        ]
      }
    },
    "timestamp": 1655152790
  }
}
